[17-Sep-2018 19:27:16 UTC] PHP Warning:  include(inc/functions.php): failed to open stream: No such file or directory in /home/ubuntu/workspace/cst336/practice/rps.php on line 2
[17-Sep-2018 19:27:16 UTC] PHP Stack trace:
[17-Sep-2018 19:27:16 UTC] PHP   1. {main}() /home/ubuntu/workspace/cst336/practice/rps.php:0
[17-Sep-2018 19:27:16 UTC] PHP Warning:  include(): Failed opening 'inc/functions.php' for inclusion (include_path='.:/usr/share/php:/usr/share/pear') in /home/ubuntu/workspace/cst336/practice/rps.php on line 2
[17-Sep-2018 19:27:16 UTC] PHP Stack trace:
[17-Sep-2018 19:27:16 UTC] PHP   1. {main}() /home/ubuntu/workspace/cst336/practice/rps.php:0
[17-Sep-2018 19:27:18 UTC] PHP Warning:  include(inc/functions.php): failed to open stream: No such file or directory in /home/ubuntu/workspace/cst336/practice/rps.php on line 2
[17-Sep-2018 19:27:18 UTC] PHP Stack trace:
[17-Sep-2018 19:27:18 UTC] PHP   1. {main}() /home/ubuntu/workspace/cst336/practice/rps.php:0
[17-Sep-2018 19:27:18 UTC] PHP Warning:  include(): Failed opening 'inc/functions.php' for inclusion (include_path='.:/usr/share/php:/usr/share/pear') in /home/ubuntu/workspace/cst336/practice/rps.php on line 2
[17-Sep-2018 19:27:18 UTC] PHP Stack trace:
[17-Sep-2018 19:27:18 UTC] PHP   1. {main}() /home/ubuntu/workspace/cst336/practice/rps.php:0
[17-Sep-2018 19:27:19 UTC] PHP Warning:  include(inc/functions.php): failed to open stream: No such file or directory in /home/ubuntu/workspace/cst336/practice/rps.php on line 2
[17-Sep-2018 19:27:19 UTC] PHP Stack trace:
[17-Sep-2018 19:27:19 UTC] PHP   1. {main}() /home/ubuntu/workspace/cst336/practice/rps.php:0
[17-Sep-2018 19:27:19 UTC] PHP Warning:  include(): Failed opening 'inc/functions.php' for inclusion (include_path='.:/usr/share/php:/usr/share/pear') in /home/ubuntu/workspace/cst336/practice/rps.php on line 2
[17-Sep-2018 19:27:19 UTC] PHP Stack trace:
[17-Sep-2018 19:27:19 UTC] PHP   1. {main}() /home/ubuntu/workspace/cst336/practice/rps.php:0
[17-Sep-2018 19:28:25 UTC] PHP Warning:  include(inc/functions.php): failed to open stream: No such file or directory in /home/ubuntu/workspace/cst336/practice/rps.php on line 2
[17-Sep-2018 19:28:25 UTC] PHP Stack trace:
[17-Sep-2018 19:28:25 UTC] PHP   1. {main}() /home/ubuntu/workspace/cst336/practice/rps.php:0
[17-Sep-2018 19:28:25 UTC] PHP Warning:  include(): Failed opening 'inc/functions.php' for inclusion (include_path='.:/usr/share/php:/usr/share/pear') in /home/ubuntu/workspace/cst336/practice/rps.php on line 2
[17-Sep-2018 19:28:25 UTC] PHP Stack trace:
[17-Sep-2018 19:28:25 UTC] PHP   1. {main}() /home/ubuntu/workspace/cst336/practice/rps.php:0
[17-Sep-2018 19:28:27 UTC] PHP Warning:  include(inc/functions.php): failed to open stream: No such file or directory in /home/ubuntu/workspace/cst336/practice/rps.php on line 2
[17-Sep-2018 19:28:27 UTC] PHP Stack trace:
[17-Sep-2018 19:28:27 UTC] PHP   1. {main}() /home/ubuntu/workspace/cst336/practice/rps.php:0
[17-Sep-2018 19:28:27 UTC] PHP Warning:  include(): Failed opening 'inc/functions.php' for inclusion (include_path='.:/usr/share/php:/usr/share/pear') in /home/ubuntu/workspace/cst336/practice/rps.php on line 2
[17-Sep-2018 19:28:27 UTC] PHP Stack trace:
[17-Sep-2018 19:28:27 UTC] PHP   1. {main}() /home/ubuntu/workspace/cst336/practice/rps.php:0
[17-Sep-2018 19:28:27 UTC] PHP Warning:  include(inc/functions.php): failed to open stream: No such file or directory in /home/ubuntu/workspace/cst336/practice/rps.php on line 2
[17-Sep-2018 19:28:27 UTC] PHP Stack trace:
[17-Sep-2018 19:28:27 UTC] PHP   1. {main}() /home/ubuntu/workspace/cst336/practice/rps.php:0
[17-Sep-2018 19:28:27 UTC] PHP Warning:  include(): Failed opening 'inc/functions.php' for inclusion (include_path='.:/usr/share/php:/usr/share/pear') in /home/ubuntu/workspace/cst336/practice/rps.php on line 2
[17-Sep-2018 19:28:27 UTC] PHP Stack trace:
[17-Sep-2018 19:28:27 UTC] PHP   1. {main}() /home/ubuntu/workspace/cst336/practice/rps.php:0
[17-Sep-2018 19:30:17 UTC] PHP Warning:  include(inc/functions.php): failed to open stream: No such file or directory in /home/ubuntu/workspace/cst336/practice/rps.php on line 2
[17-Sep-2018 19:30:17 UTC] PHP Stack trace:
[17-Sep-2018 19:30:17 UTC] PHP   1. {main}() /home/ubuntu/workspace/cst336/practice/rps.php:0
[17-Sep-2018 19:30:17 UTC] PHP Warning:  include(): Failed opening 'inc/functions.php' for inclusion (include_path='.:/usr/share/php:/usr/share/pear') in /home/ubuntu/workspace/cst336/practice/rps.php on line 2
[17-Sep-2018 19:30:17 UTC] PHP Stack trace:
[17-Sep-2018 19:30:17 UTC] PHP   1. {main}() /home/ubuntu/workspace/cst336/practice/rps.php:0
[17-Sep-2018 19:30:38 UTC] PHP Warning:  include(inc/functions.php): failed to open stream: No such file or directory in /home/ubuntu/workspace/cst336/practice/rps.php on line 2
[17-Sep-2018 19:30:38 UTC] PHP Stack trace:
[17-Sep-2018 19:30:38 UTC] PHP   1. {main}() /home/ubuntu/workspace/cst336/practice/rps.php:0
[17-Sep-2018 19:30:38 UTC] PHP Warning:  include(): Failed opening 'inc/functions.php' for inclusion (include_path='.:/usr/share/php:/usr/share/pear') in /home/ubuntu/workspace/cst336/practice/rps.php on line 2
[17-Sep-2018 19:30:38 UTC] PHP Stack trace:
[17-Sep-2018 19:30:38 UTC] PHP   1. {main}() /home/ubuntu/workspace/cst336/practice/rps.php:0
[17-Sep-2018 19:31:28 UTC] PHP Warning:  include(inc/functions.php): failed to open stream: No such file or directory in /home/ubuntu/workspace/cst336/practice/rps.php on line 2
[17-Sep-2018 19:31:28 UTC] PHP Stack trace:
[17-Sep-2018 19:31:28 UTC] PHP   1. {main}() /home/ubuntu/workspace/cst336/practice/rps.php:0
[17-Sep-2018 19:31:28 UTC] PHP Warning:  include(): Failed opening 'inc/functions.php' for inclusion (include_path='.:/usr/share/php:/usr/share/pear') in /home/ubuntu/workspace/cst336/practice/rps.php on line 2
[17-Sep-2018 19:31:28 UTC] PHP Stack trace:
[17-Sep-2018 19:31:28 UTC] PHP   1. {main}() /home/ubuntu/workspace/cst336/practice/rps.php:0
[17-Sep-2018 19:32:36 UTC] PHP Warning:  include(inc/functions.php): failed to open stream: No such file or directory in /home/ubuntu/workspace/cst336/practice/rps.php on line 2
[17-Sep-2018 19:32:36 UTC] PHP Stack trace:
[17-Sep-2018 19:32:36 UTC] PHP   1. {main}() /home/ubuntu/workspace/cst336/practice/rps.php:0
[17-Sep-2018 19:32:36 UTC] PHP Warning:  include(): Failed opening 'inc/functions.php' for inclusion (include_path='.:/usr/share/php:/usr/share/pear') in /home/ubuntu/workspace/cst336/practice/rps.php on line 2
[17-Sep-2018 19:32:36 UTC] PHP Stack trace:
[17-Sep-2018 19:32:36 UTC] PHP   1. {main}() /home/ubuntu/workspace/cst336/practice/rps.php:0
[17-Sep-2018 19:32:39 UTC] PHP Warning:  include(inc/functions.php): failed to open stream: No such file or directory in /home/ubuntu/workspace/cst336/practice/rps.php on line 2
[17-Sep-2018 19:32:39 UTC] PHP Stack trace:
[17-Sep-2018 19:32:39 UTC] PHP   1. {main}() /home/ubuntu/workspace/cst336/practice/rps.php:0
[17-Sep-2018 19:32:39 UTC] PHP Warning:  include(): Failed opening 'inc/functions.php' for inclusion (include_path='.:/usr/share/php:/usr/share/pear') in /home/ubuntu/workspace/cst336/practice/rps.php on line 2
[17-Sep-2018 19:32:39 UTC] PHP Stack trace:
[17-Sep-2018 19:32:39 UTC] PHP   1. {main}() /home/ubuntu/workspace/cst336/practice/rps.php:0
[17-Sep-2018 19:32:40 UTC] PHP Warning:  include(inc/functions.php): failed to open stream: No such file or directory in /home/ubuntu/workspace/cst336/practice/rps.php on line 2
[17-Sep-2018 19:32:40 UTC] PHP Stack trace:
[17-Sep-2018 19:32:40 UTC] PHP   1. {main}() /home/ubuntu/workspace/cst336/practice/rps.php:0
[17-Sep-2018 19:32:40 UTC] PHP Warning:  include(): Failed opening 'inc/functions.php' for inclusion (include_path='.:/usr/share/php:/usr/share/pear') in /home/ubuntu/workspace/cst336/practice/rps.php on line 2
[17-Sep-2018 19:32:40 UTC] PHP Stack trace:
[17-Sep-2018 19:32:40 UTC] PHP   1. {main}() /home/ubuntu/workspace/cst336/practice/rps.php:0
[15-Oct-2018 19:46:33 UTC] PHP Parse error:  syntax error, unexpected '"', expecting identifier (T_STRING) or variable (T_VARIABLE) or number (T_NUM_STRING) in /home/ubuntu/workspace/cst336/practice/midterm_practice1.php on line 5
[15-Oct-2018 19:47:54 UTC] PHP Parse error:  syntax error, unexpected '"', expecting identifier (T_STRING) or variable (T_VARIABLE) or number (T_NUM_STRING) in /home/ubuntu/workspace/cst336/practice/midterm_practice1.php on line 5
[15-Oct-2018 20:12:32 UTC] PHP Parse error:  syntax error, unexpected 'red' (T_STRING), expecting ',' or ';' in /home/ubuntu/workspace/cst336/practice/midterm_practice1.php on line 37
[15-Oct-2018 20:39:44 UTC] PHP Parse error:  syntax error, unexpected '!', expecting ';' in /home/ubuntu/workspace/cst336/practice/midterm_practice1.php on line 37
[07-Nov-2018 22:07:03 UTC] PHP Fatal error:  Uncaught exception 'PDOException' with message 'SQLSTATE[42000]: Syntax error or access violation: 1064 You have an error in your SQL syntax; check the manual that corresponds to your MySQL server version for the right syntax to use near 'ORDER BY price DESC' at line 1' in /home/ubuntu/workspace/cst336/336-project/index.php:113
Stack trace:
#0 /home/ubuntu/workspace/cst336/336-project/index.php(113): PDOStatement->execute(Array)
#1 /home/ubuntu/workspace/cst336/336-project/index.php(267): filterProducts()
#2 {main}
  thrown in /home/ubuntu/workspace/cst336/336-project/index.php on line 113
[07-Nov-2018 22:07:31 UTC] PHP Fatal error:  Uncaught exception 'PDOException' with message 'SQLSTATE[42000]: Syntax error or access violation: 1064 You have an error in your SQL syntax; check the manual that corresponds to your MySQL server version for the right syntax to use near 'ORDER BY price DESC' at line 1' in /home/ubuntu/workspace/cst336/336-project/index.php:113
Stack trace:
#0 /home/ubuntu/workspace/cst336/336-project/index.php(113): PDOStatement->execute(Array)
#1 /home/ubuntu/workspace/cst336/336-project/index.php(267): filterProducts()
#2 {main}
  thrown in /home/ubuntu/workspace/cst336/336-project/index.php on line 113
[07-Nov-2018 22:07:35 UTC] PHP Fatal error:  Uncaught exception 'PDOException' with message 'SQLSTATE[42000]: Syntax error or access violation: 1064 You have an error in your SQL syntax; check the manual that corresponds to your MySQL server version for the right syntax to use near 'ORDER BY price DESC' at line 1' in /home/ubuntu/workspace/cst336/336-project/index.php:113
Stack trace:
#0 /home/ubuntu/workspace/cst336/336-project/index.php(113): PDOStatement->execute(Array)
#1 /home/ubuntu/workspace/cst336/336-project/index.php(267): filterProducts()
#2 {main}
  thrown in /home/ubuntu/workspace/cst336/336-project/index.php on line 113
[07-Nov-2018 22:07:44 UTC] PHP Fatal error:  Uncaught exception 'PDOException' with message 'SQLSTATE[42000]: Syntax error or access violation: 1064 You have an error in your SQL syntax; check the manual that corresponds to your MySQL server version for the right syntax to use near 'ORDER BY price DESC' at line 1' in /home/ubuntu/workspace/cst336/336-project/index.php:113
Stack trace:
#0 /home/ubuntu/workspace/cst336/336-project/index.php(113): PDOStatement->execute(Array)
#1 /home/ubuntu/workspace/cst336/336-project/index.php(267): filterProducts()
#2 {main}
  thrown in /home/ubuntu/workspace/cst336/336-project/index.php on line 113
[07-Nov-2018 22:07:55 UTC] PHP Fatal error:  Uncaught exception 'PDOException' with message 'SQLSTATE[42000]: Syntax error or access violation: 1064 You have an error in your SQL syntax; check the manual that corresponds to your MySQL server version for the right syntax to use near 'ORDER BY price DESC' at line 1' in /home/ubuntu/workspace/cst336/336-project/index.php:113
Stack trace:
#0 /home/ubuntu/workspace/cst336/336-project/index.php(113): PDOStatement->execute(Array)
#1 /home/ubuntu/workspace/cst336/336-project/index.php(267): filterProducts()
#2 {main}
  thrown in /home/ubuntu/workspace/cst336/336-project/index.php on line 113
