[26-Sep-2018 08:38:10 UTC] PHP Parse error:  syntax error, unexpected 'function' (T_FUNCTION) in /home/ubuntu/workspace/cst336/hw/hw2/index.php on line 5
[26-Sep-2018 08:39:05 UTC] PHP Parse error:  syntax error, unexpected 'function' (T_FUNCTION) in /home/ubuntu/workspace/cst336/hw/hw2/index.php on line 5
[26-Sep-2018 08:39:28 UTC] PHP Parse error:  syntax error, unexpected 'function' (T_FUNCTION) in /home/ubuntu/workspace/cst336/hw/hw2/index.php on line 5
[26-Sep-2018 09:00:45 UTC] PHP Parse error:  syntax error, unexpected '<' in /home/ubuntu/workspace/cst336/hw/hw2/index.php on line 37
[26-Sep-2018 09:01:14 UTC] PHP Parse error:  syntax error, unexpected '<' in /home/ubuntu/workspace/cst336/hw/hw2/index.php on line 37
[26-Sep-2018 09:01:21 UTC] PHP Parse error:  syntax error, unexpected '<' in /home/ubuntu/workspace/cst336/hw/hw2/index.php on line 37
[26-Sep-2018 09:51:36 UTC] PHP Parse error:  syntax error, unexpected '(', expecting ']' in /home/ubuntu/workspace/cst336/hw/hw2/index.php on line 7
[26-Sep-2018 09:54:55 UTC] PHP Parse error:  syntax error, unexpected 'echo' (T_ECHO) in /home/ubuntu/workspace/cst336/hw/hw2/index.php on line 9
[26-Sep-2018 09:55:03 UTC] PHP Parse error:  syntax error, unexpected '"', expecting identifier (T_STRING) or variable (T_VARIABLE) or number (T_NUM_STRING) in /home/ubuntu/workspace/cst336/hw/hw2/index.php on line 9
[26-Sep-2018 09:55:24 UTC] PHP Parse error:  syntax error, unexpected 'function' (T_FUNCTION) in /home/ubuntu/workspace/cst336/hw/hw2/index.php on line 5
[26-Sep-2018 09:55:31 UTC] PHP Parse error:  syntax error, unexpected '"', expecting identifier (T_STRING) or variable (T_VARIABLE) or number (T_NUM_STRING) in /home/ubuntu/workspace/cst336/hw/hw2/index.php on line 8
[26-Sep-2018 10:05:27 UTC] PHP Parse error:  syntax error, unexpected '$weapons' (T_VARIABLE), expecting ',' or ';' in /home/ubuntu/workspace/cst336/hw/hw2/index.php on line 14
[26-Sep-2018 10:44:36 UTC] PHP Parse error:  syntax error, unexpected 'result' (T_STRING), expecting ',' or ';' in /home/ubuntu/workspace/cst336/hw/hw2/index.php on line 75
[26-Sep-2018 11:07:53 UTC] PHP Fatal error:  Unsupported operand types in /home/ubuntu/workspace/cst336/hw/hw2/index.php on line 57
[26-Sep-2018 11:07:53 UTC] PHP Stack trace:
[26-Sep-2018 11:07:53 UTC] PHP   1. {main}() /home/ubuntu/workspace/cst336/hw/hw2/index.php:0
[17-Oct-2018 07:42:09 UTC] PHP Fatal error:  Call to undefined function displayCategories() in /home/ubuntu/workspace/cst336/hw/hw3/index.php on line 19
[17-Oct-2018 07:42:09 UTC] PHP Stack trace:
[17-Oct-2018 07:42:09 UTC] PHP   1. {main}() /home/ubuntu/workspace/cst336/hw/hw3/index.php:0
[17-Oct-2018 07:42:30 UTC] PHP Fatal error:  Call to undefined function displayCategories() in /home/ubuntu/workspace/cst336/hw/hw3/index.php on line 19
[17-Oct-2018 07:42:30 UTC] PHP Stack trace:
[17-Oct-2018 07:42:30 UTC] PHP   1. {main}() /home/ubuntu/workspace/cst336/hw/hw3/index.php:0
[17-Oct-2018 09:56:00 UTC] PHP Parse error:  syntax error, unexpected '(', expecting variable (T_VARIABLE) or '$' in /home/ubuntu/workspace/cst336/hw/hw3/inc/functions.php on line 12
[17-Oct-2018 09:56:00 UTC] PHP Stack trace:
[17-Oct-2018 09:56:00 UTC] PHP   1. {main}() /home/ubuntu/workspace/cst336/hw/hw3/index.php:0
[17-Oct-2018 09:57:51 UTC] PHP Parse error:  syntax error, unexpected '(', expecting variable (T_VARIABLE) or '$' in /home/ubuntu/workspace/cst336/hw/hw3/inc/functions.php on line 12
[17-Oct-2018 09:57:51 UTC] PHP Stack trace:
[17-Oct-2018 09:57:51 UTC] PHP   1. {main}() /home/ubuntu/workspace/cst336/hw/hw3/index.php:0
[17-Oct-2018 10:12:54 UTC] PHP Parse error:  syntax error, unexpected '<' in /home/ubuntu/workspace/cst336/hw/hw3/index.php on line 52
[17-Oct-2018 10:34:34 UTC] PHP Fatal error:  Cannot redeclare display() (previously declared in /home/ubuntu/workspace/cst336/hw/hw3/inc/functions.php:12) in /home/ubuntu/workspace/cst336/hw/hw3/inc/functions.php on line 12
[17-Oct-2018 10:34:34 UTC] PHP Stack trace:
[17-Oct-2018 10:34:34 UTC] PHP   1. {main}() /home/ubuntu/workspace/cst336/hw/hw3/index.php:0
[17-Oct-2018 10:34:34 UTC] PHP   2. include() /home/ubuntu/workspace/cst336/hw/hw3/index.php:2
[17-Oct-2018 10:34:34 UTC] PHP   3. include() /home/ubuntu/workspace/cst336/hw/hw3/inc/functions.php:2
[17-Oct-2018 10:35:30 UTC] PHP Parse error:  syntax error, unexpected '$name' (T_VARIABLE) in /home/ubuntu/workspace/cst336/hw/hw3/index.php on line 4
[17-Oct-2018 10:35:46 UTC] PHP Parse error:  syntax error, unexpected '$name' (T_VARIABLE) in /home/ubuntu/workspace/cst336/hw/hw3/index.php on line 5
[17-Oct-2018 10:37:13 UTC] PHP Fatal error:  Call to undefined function isNull() in /home/ubuntu/workspace/cst336/hw/hw3/inc/functions.php on line 17
[17-Oct-2018 10:37:13 UTC] PHP Stack trace:
[17-Oct-2018 10:37:13 UTC] PHP   1. {main}() /home/ubuntu/workspace/cst336/hw/hw3/index.php:0
[17-Oct-2018 10:37:13 UTC] PHP   2. errorCheck() /home/ubuntu/workspace/cst336/hw/hw3/index.php:47
[17-Oct-2018 10:42:11 UTC] PHP Fatal error:  Call to undefined function createAdventurer() in /home/ubuntu/workspace/cst336/hw/hw3/index.php on line 47
[17-Oct-2018 10:42:11 UTC] PHP Stack trace:
[17-Oct-2018 10:42:11 UTC] PHP   1. {main}() /home/ubuntu/workspace/cst336/hw/hw3/index.php:0
[17-Oct-2018 10:47:02 UTC] PHP Parse error:  syntax error, unexpected '200' (T_LNUMBER), expecting ',' or ';' in /home/ubuntu/workspace/cst336/hw/hw3/inc/functions.php on line 23
[17-Oct-2018 10:47:02 UTC] PHP Stack trace:
[17-Oct-2018 10:47:02 UTC] PHP   1. {main}() /home/ubuntu/workspace/cst336/hw/hw3/index.php:0
[17-Oct-2018 10:55:01 UTC] PHP Parse error:  syntax error, unexpected 'echo' (T_ECHO), expecting ',' or ';' in /home/ubuntu/workspace/cst336/hw/hw3/inc/functions.php on line 21
[17-Oct-2018 10:55:01 UTC] PHP Stack trace:
[17-Oct-2018 10:55:01 UTC] PHP   1. {main}() /home/ubuntu/workspace/cst336/hw/hw3/index.php:0
[17-Oct-2018 10:59:30 UTC] PHP Parse error:  syntax error, unexpected 'width' (T_STRING), expecting ',' or ';' in /home/ubuntu/workspace/cst336/hw/hw3/inc/functions.php on line 20
[17-Oct-2018 10:59:30 UTC] PHP Stack trace:
[17-Oct-2018 10:59:30 UTC] PHP   1. {main}() /home/ubuntu/workspace/cst336/hw/hw3/index.php:0
[17-Oct-2018 11:36:27 UTC] PHP Parse error:  syntax error, unexpected ')' in /home/ubuntu/workspace/cst336/hw/hw3/inc/functions.php on line 33
[17-Oct-2018 11:36:27 UTC] PHP Stack trace:
[17-Oct-2018 11:36:27 UTC] PHP   1. {main}() /home/ubuntu/workspace/cst336/hw/hw3/index.php:0
[17-Oct-2018 11:56:39 UTC] PHP Parse error:  syntax error, unexpected '<' in /home/ubuntu/workspace/cst336/hw/hw3/index.php on line 51
